<?xml version="1.0" encoding="utf-8"?><testsuites name="pytest tests"><testsuite name="pytest" errors="0" failures="0" skipped="0" tests="11" time="3.320" timestamp="2026-06-22T07:34:59.871439+00:00" hostname="agent-env-98af6761-6075-46c2-93eb-cedb59fa65cf"><testcase classname="backend.tests.test_buyer_seller_search.TestSearchAuth" name="test_unauth_returns_401_or_403" time="0.206" /><testcase classname="backend.tests.test_buyer_seller_search.TestSearchAuth" name="test_seller_token_forbidden" time="1.357" /><testcase classname="backend.tests.test_buyer_seller_search.TestSearchEmpty" name="test_missing_q_returns_empty" time="0.049" /><testcase classname="backend.tests.test_buyer_seller_search.TestSearchEmpty" name="test_whitespace_q_returns_empty" time="0.048" /><testcase classname="backend.tests.test_buyer_seller_search.TestSearchMatching" name="test_match_by_business_name_partial_case_insensitive" time="0.049" /><testcase classname="backend.tests.test_buyer_seller_search.TestSearchMatching" name="test_match_by_seller_code" time="0.052" /><testcase classname="backend.tests.test_buyer_seller_search.TestSearchMatching" name="test_match_seller_code_case_insensitive" time="0.055" /><testcase classname="backend.tests.test_buyer_seller_search.TestSearchMatching" name="test_match_by_address_partial" time="0.053" /><testcase classname="backend.tests.test_buyer_seller_search.TestSearchMatching" name="test_match_by_pincode" time="1.060" /><testcase classname="backend.tests.test_buyer_seller_search.TestSearchMatching" name="test_excludes_other_buyers_and_self" time="0.056" /><testcase classname="backend.tests.test_buyer_seller_search.TestConnectionStatusAnnotation" name="test_connection_status_null_then_pending_then_409_duplicate" time="0.254" /></testsuite></testsuites>