<?xml version="1.0" encoding="utf-8"?><testsuites name="pytest tests"><testsuite name="pytest" errors="0" failures="0" skipped="0" tests="8" time="2.583" timestamp="2026-06-28T11:55:31.022535+00:00" hostname="agent-env-7bf3d699-3a9c-46aa-b34b-c8bacf207ac3"><testcase classname="backend.tests.test_custom_requests_completed.TestCompleteEndpoint" name="test_complete_accepted_request_persists_completedAt" time="0.969" /><testcase classname="backend.tests.test_custom_requests_completed.TestCompleteEndpoint" name="test_complete_rejects_non_accepted_with_400" time="0.097" /><testcase classname="backend.tests.test_custom_requests_completed.TestCompleteEndpoint" name="test_complete_creates_buyer_notification" time="0.762" /><testcase classname="backend.tests.test_custom_requests_completed.TestExistingLifecycle" name="test_saved_then_send_then_quote_then_accept" time="0.197" /><testcase classname="backend.tests.test_custom_requests_completed.TestExistingLifecycle" name="test_seller_reject_new_request" time="0.131" /><testcase classname="backend.tests.test_custom_requests_completed.TestExistingLifecycle" name="test_buyer_reject_quote" time="0.154" /><testcase classname="backend.tests.test_custom_requests_completed.TestOrdersRegression" name="test_seller_create_item" time="0.046" /><testcase classname="backend.tests.test_custom_requests_completed.TestOrdersRegression" name="test_buyer_order_with_custom_message_persists" time="0.134" /></testsuite></testsuites>