<?xml version="1.0" encoding="utf-8"?><testsuites name="pytest tests"><testsuite name="pytest" errors="0" failures="0" skipped="0" tests="7" time="0.821" timestamp="2026-06-28T09:02:29.676677+00:00" hostname="agent-env-2d0ed6af-ba8b-43bb-a91b-63f4c69db2b2"><testcase classname="backend.tests.test_custom_message" name="test_create_order_trims_whitespace" time="0.580" /><testcase classname="backend.tests.test_custom_message" name="test_whitespace_only_normalised_to_null" time="0.019" /><testcase classname="backend.tests.test_custom_message" name="test_omitted_message_returns_null" time="0.018" /><testcase classname="backend.tests.test_custom_message" name="test_501_chars_rejected" time="0.002" /><testcase classname="backend.tests.test_custom_message" name="test_exactly_500_chars_accepted" time="0.016" /><testcase classname="backend.tests.test_custom_message" name="test_buyer_and_seller_both_see_message" time="0.022" /><testcase classname="backend.tests.test_custom_message" name="test_legacy_order_item_without_field_returns_null" time="0.030" /></testsuite></testsuites>