<?xml version="1.0" encoding="utf-8"?><testsuites name="pytest tests"><testsuite name="pytest" errors="0" failures="0" skipped="0" tests="99" time="59.824" timestamp="2026-06-20T14:06:55.886050+00:00" hostname="agent-env-a5a66a5c-2afb-410e-af6b-2bf90fbb2f51"><testcase classname="backend.tests.test_localorders_api.TestOtp" name="test_otp_send_success" time="0.158" /><testcase classname="backend.tests.test_localorders_api.TestOtp" name="test_otp_send_invalid_mobile" time="0.048" /><testcase classname="backend.tests.test_localorders_api.TestOtp" name="test_otp_send_duplicate_mobile" time="0.307" /><testcase classname="backend.tests.test_localorders_api.TestRegister" name="test_buyer_register_success" time="0.305" /><testcase classname="backend.tests.test_localorders_api.TestRegister" name="test_buyer_register_pin_mismatch" time="0.042" /><testcase classname="backend.tests.test_localorders_api.TestRegister" name="test_buyer_register_wrong_otp" time="0.043" /><testcase classname="backend.tests.test_localorders_api.TestRegister" name="test_buyer_register_duplicate" time="0.310" /><testcase classname="backend.tests.test_localorders_api.TestRegister" name="test_pin_format_validation[12]" time="0.042" /><testcase classname="backend.tests.test_localorders_api.TestRegister" name="test_pin_format_validation[12345]" time="0.045" /><testcase classname="backend.tests.test_localorders_api.TestRegister" name="test_pin_format_validation[abcd]" time="0.043" /><testcase classname="backend.tests.test_localorders_api.TestRegister" name="test_pin_format_validation[12a4]" time="0.042" /><testcase classname="backend.tests.test_localorders_api.TestRegister" name="test_seller_register_and_code_sequence" time="0.533" /><testcase classname="backend.tests.test_localorders_api.TestLogin" name="test_login_success" time="0.533" /><testcase classname="backend.tests.test_localorders_api.TestLogin" name="test_login_wrong_pin_counter" time="1.102" /><testcase classname="backend.tests.test_localorders_api.TestLogin" name="test_login_lockout_after_5_failures" time="1.633" /><testcase classname="backend.tests.test_localorders_api.TestMe" name="test_me_no_token" time="0.149" /><testcase classname="backend.tests.test_localorders_api.TestMe" name="test_me_bad_token" time="0.098" /><testcase classname="backend.tests.test_localorders_api.TestMe" name="test_me_with_token" time="0.361" /><testcase classname="backend.tests.test_localorders_api.TestProfileUpdate" name="test_buyer_can_update_name_address" time="0.392" /><testcase classname="backend.tests.test_localorders_api.TestProfileUpdate" name="test_buyer_cannot_set_business_name" time="0.395" /><testcase classname="backend.tests.test_localorders_api.TestProfileUpdate" name="test_seller_can_set_business_name" time="0.366" /><testcase classname="backend.tests.test_localorders_api.TestInventory" name="test_buyer_cannot_access_inventory" time="0.513" /><testcase classname="backend.tests.test_localorders_api.TestInventory" name="test_full_crud_and_soft_delete" time="0.932" /><testcase classname="backend.tests.test_localorders_api.TestInventory" name="test_invalid_unit_type" time="0.094" /><testcase classname="backend.tests.test_localorders_api.TestInventory" name="test_all_allowed_unit_types" time="0.985" /><testcase classname="backend.tests.test_localorders_api.TestMeta" name="test_unit_types_endpoint" time="0.096" /><testcase classname="backend.tests.test_phase2_connections_orders.TestConnectionsCreate" name="test_invalid_seller_code_returns_404" time="0.447" /><testcase classname="backend.tests.test_phase2_connections_orders.TestConnectionsCreate" name="test_seller_cannot_call_buyer_endpoint" time="0.378" /><testcase classname="backend.tests.test_phase2_connections_orders.TestConnectionsCreate" name="test_buyer_cannot_call_seller_connections_list" time="0.062" /><testcase classname="backend.tests.test_phase2_connections_orders.TestConnectionsCreate" name="test_create_pending_connection" time="0.068" /><testcase classname="backend.tests.test_phase2_connections_orders.TestConnectionsCreate" name="test_duplicate_pending_returns_409" time="0.052" /><testcase classname="backend.tests.test_phase2_connections_orders.TestConnectionsList" name="test_buyer_list_only_own" time="0.050" /><testcase classname="backend.tests.test_phase2_connections_orders.TestConnectionsList" name="test_seller_list_only_own" time="0.051" /><testcase classname="backend.tests.test_phase2_connections_orders.TestAcceptReject" name="test_accept_then_idempotency_400" time="0.200" /><testcase classname="backend.tests.test_phase2_connections_orders.TestAcceptReject" name="test_duplicate_accepted_returns_409" time="0.053" /><testcase classname="backend.tests.test_phase2_connections_orders.TestAcceptReject" name="test_other_seller_cannot_accept" time="1.094" /><testcase classname="backend.tests.test_phase2_connections_orders.TestAcceptReject" name="test_reject_flow" time="0.758" /><testcase classname="backend.tests.test_phase2_connections_orders.TestPendingExpiry" name="test_lazy_expiry_on_read" time="0.825" /><testcase classname="backend.tests.test_phase2_connections_orders.TestBuyerBrowse" name="test_browse_requires_accepted" time="0.691" /><testcase classname="backend.tests.test_phase2_connections_orders.TestBuyerBrowse" name="test_browse_lists_active_items" time="0.870" /><testcase classname="backend.tests.test_phase2_connections_orders.TestBuyerBrowse" name="test_browse_search_q" time="0.096" /><testcase classname="backend.tests.test_phase2_connections_orders.TestOrders" name="test_order_without_connection_403" time="0.694" /><testcase classname="backend.tests.test_phase2_connections_orders.TestOrders" name="test_qty_below_min" time="0.051" /><testcase classname="backend.tests.test_phase2_connections_orders.TestOrders" name="test_qty_not_aligned_with_increment" time="0.050" /><testcase classname="backend.tests.test_phase2_connections_orders.TestOrders" name="test_qty_above_available" time="0.053" /><testcase classname="backend.tests.test_phase2_connections_orders.TestOrders" name="test_valid_order_created" time="0.058" /><testcase classname="backend.tests.test_phase2_connections_orders.TestOrders" name="test_order_number_monotonic" time="0.106" /><testcase classname="backend.tests.test_phase2_connections_orders.TestOrders" name="test_buyer_order_list" time="0.052" /><testcase classname="backend.tests.test_phase2_connections_orders.TestOrders" name="test_seller_order_list" time="0.054" /><testcase classname="backend.tests.test_phase2_connections_orders.TestOrders" name="test_order_detail_buyer_and_seller" time="0.468" /><testcase classname="backend.tests.test_phase3_order_management.TestAcceptOrder" name="test_accept_requested_then_idempotent_400" time="1.048" /><testcase classname="backend.tests.test_phase3_order_management.TestAcceptOrder" name="test_buyer_cannot_accept_403" time="0.885" /><testcase classname="backend.tests.test_phase3_order_management.TestAcceptOrder" name="test_other_seller_cannot_accept_403" time="1.183" /><testcase classname="backend.tests.test_phase3_order_management.TestRejectOrder" name="test_reject_requires_reason_422_empty" time="0.872" /><testcase classname="backend.tests.test_phase3_order_management.TestRejectOrder" name="test_reject_requires_reason_422_whitespace" time="0.865" /><testcase classname="backend.tests.test_phase3_order_management.TestRejectOrder" name="test_reject_requires_reason_422_missing" time="0.871" /><testcase classname="backend.tests.test_phase3_order_management.TestRejectOrder" name="test_reject_success_sets_reason_and_timestamp" time="0.869" /><testcase classname="backend.tests.test_phase3_order_management.TestRejectOrder" name="test_reject_blocked_when_already_accepted" time="0.924" /><testcase classname="backend.tests.test_phase3_order_management.TestRejectOrder" name="test_buyer_cannot_reject_403" time="0.891" /><testcase classname="backend.tests.test_phase3_order_management.TestDeliverOrder" name="test_deliver_only_after_accept" time="1.021" /><testcase classname="backend.tests.test_phase3_order_management.TestDeliverOrder" name="test_deliver_blocked_after_reject" time="0.933" /><testcase classname="backend.tests.test_phase3_order_management.TestDeliverOrder" name="test_buyer_cannot_deliver_403" time="0.959" /><testcase classname="backend.tests.test_phase3_order_management.TestDeliverOrder" name="test_other_seller_cannot_deliver_403" time="1.260" /><testcase classname="backend.tests.test_phase3_order_management.TestCancelOrder" name="test_cancel_from_requested_no_reason" time="0.885" /><testcase classname="backend.tests.test_phase3_order_management.TestCancelOrder" name="test_cancel_from_accepted_with_reason" time="0.983" /><testcase classname="backend.tests.test_phase3_order_management.TestCancelOrder" name="test_cancel_blocked_after_delivered" time="1.037" /><testcase classname="backend.tests.test_phase3_order_management.TestCancelOrder" name="test_cancel_blocked_after_rejected" time="0.947" /><testcase classname="backend.tests.test_phase3_order_management.TestCancelOrder" name="test_seller_cannot_cancel_403" time="0.872" /><testcase classname="backend.tests.test_phase3_order_management.TestCancelOrder" name="test_other_buyer_cannot_cancel_403" time="1.205" /><testcase classname="backend.tests.test_phase3_order_management.TestAutoExpiry" name="test_expiry_on_seller_list" time="0.885" /><testcase classname="backend.tests.test_phase3_order_management.TestAutoExpiry" name="test_expiry_on_buyer_list" time="0.922" /><testcase classname="backend.tests.test_phase3_order_management.TestAutoExpiry" name="test_expiry_on_detail_then_actions_blocked" time="1.102" /><testcase classname="backend.tests.test_phase3_order_management.TestOrderDetailFields" name="test_detail_contains_phase3_fields" time="0.893" /><testcase classname="backend.tests.test_phase3_order_management.TestOrderDetailFields" name="test_seller_summary_has_mobileNumber_in_detail" time="0.907" /><testcase classname="backend.tests.test_phase3_order_management.TestOrderDetailFields" name="test_buyer_summary_has_mobileNumber_for_seller_view" time="0.864" /><testcase classname="backend.tests.test_phase3_order_management.TestOrderDetailFields" name="test_seller_summary_has_mobileNumber_in_buyer_connections" time="0.819" /><testcase classname="backend.tests.test_phase4_inventory_reservation.TestSellerAvailability" name="test_default_open_on_register" time="0.386" /><testcase classname="backend.tests.test_phase4_inventory_reservation.TestSellerAvailability" name="test_set_closed_then_me_reflects" time="0.392" /><testcase classname="backend.tests.test_phase4_inventory_reservation.TestSellerAvailability" name="test_set_open_again" time="0.401" /><testcase classname="backend.tests.test_phase4_inventory_reservation.TestSellerAvailability" name="test_invalid_status_422" time="0.353" /><testcase classname="backend.tests.test_phase4_inventory_reservation.TestSellerAvailability" name="test_buyer_cannot_set_availability_403" time="0.397" /><testcase classname="backend.tests.test_phase4_inventory_reservation.TestOrderBlockedWhenClosed" name="test_order_blocked_when_closed" time="0.942" /><testcase classname="backend.tests.test_phase4_inventory_reservation.TestOrderBlockedWhenClosed" name="test_browse_succeeds_when_closed" time="1.056" /><testcase classname="backend.tests.test_phase4_inventory_reservation.TestItemPublicFields" name="test_item_initial_reserved_zero_low_false" time="0.459" /><testcase classname="backend.tests.test_phase4_inventory_reservation.TestItemPublicFields" name="test_item_low_inventory_true_when_below_10" time="0.348" /><testcase classname="backend.tests.test_phase4_inventory_reservation.TestItemPublicFields" name="test_item_low_inventory_boundary_10_false" time="0.387" /><testcase classname="backend.tests.test_phase4_inventory_reservation.TestAcceptReservesInventory" name="test_accept_decreases_avail_increases_reserved" time="0.957" /><testcase classname="backend.tests.test_phase4_inventory_reservation.TestAcceptReservesInventory" name="test_double_accept_returns_400" time="0.993" /><testcase classname="backend.tests.test_phase4_inventory_reservation.TestAcceptReservesInventory" name="test_accept_insufficient_stock_no_partial_state" time="1.123" /><testcase classname="backend.tests.test_phase4_inventory_reservation.TestConcurrentAccept" name="test_concurrent_double_accept_only_one_wins" time="1.095" /><testcase classname="backend.tests.test_phase4_inventory_reservation.TestCancelRejectInventory" name="test_cancel_from_accepted_restores" time="1.030" /><testcase classname="backend.tests.test_phase4_inventory_reservation.TestCancelRejectInventory" name="test_cancel_from_requested_no_inventory_change" time="0.925" /><testcase classname="backend.tests.test_phase4_inventory_reservation.TestCancelRejectInventory" name="test_reject_from_requested_no_inventory_change" time="1.083" /><testcase classname="backend.tests.test_phase4_inventory_reservation.TestDeliverInventory" name="test_deliver_clears_reserved_keeps_avail_reduced" time="1.084" /><testcase classname="backend.tests.test_phase4_inventory_reservation.TestAtomicStatusClaim" name="test_accept_cancelled_returns_status_error_not_stock" time="0.991" /><testcase classname="backend.tests.test_phase4_inventory_reservation.TestNoNegativeInventory" name="test_invariant_after_mixed_flows" time="1.512" /><testcase classname="backend.tests.test_phase4_inventory_reservation.TestSellerDashboard" name="test_dashboard_fields_and_no_id_leak" time="0.517" /><testcase classname="backend.tests.test_phase4_inventory_reservation.TestSellerDashboard" name="test_dashboard_open_orders_counts_requested_and_accepted" time="1.074" /><testcase classname="backend.tests.test_phase4_inventory_reservation.TestSellerDashboard" name="test_buyer_cannot_view_dashboard_403" time="0.396" /></testsuite></testsuites>