<?xml version="1.0" encoding="utf-8"?><testsuites name="pytest tests"><testsuite name="pytest" errors="0" failures="0" skipped="0" tests="120" time="78.280" timestamp="2026-06-21T08:17:30.185870+00:00" hostname="agent-env-64ab8294-b8b9-4e47-a019-73c1505ebadf"><testcase classname="tests.test_localorders_api.TestOtp" name="test_otp_send_success" time="0.177" /><testcase classname="tests.test_localorders_api.TestOtp" name="test_otp_send_invalid_mobile" time="0.052" /><testcase classname="tests.test_localorders_api.TestOtp" name="test_otp_send_duplicate_mobile" time="0.315" /><testcase classname="tests.test_localorders_api.TestRegister" name="test_buyer_register_success" time="0.283" /><testcase classname="tests.test_localorders_api.TestRegister" name="test_buyer_register_pin_mismatch" time="0.047" /><testcase classname="tests.test_localorders_api.TestRegister" name="test_buyer_register_wrong_otp" time="0.044" /><testcase classname="tests.test_localorders_api.TestRegister" name="test_buyer_register_duplicate" time="0.321" /><testcase classname="tests.test_localorders_api.TestRegister" name="test_pin_format_validation[12]" time="0.053" /><testcase classname="tests.test_localorders_api.TestRegister" name="test_pin_format_validation[12345]" time="0.127" /><testcase classname="tests.test_localorders_api.TestRegister" name="test_pin_format_validation[abcd]" time="0.053" /><testcase classname="tests.test_localorders_api.TestRegister" name="test_pin_format_validation[12a4]" time="0.044" /><testcase classname="tests.test_localorders_api.TestRegister" name="test_seller_register_and_code_sequence" time="0.535" /><testcase classname="tests.test_localorders_api.TestLogin" name="test_login_success" time="0.537" /><testcase classname="tests.test_localorders_api.TestLogin" name="test_login_wrong_pin_counter" time="1.073" /><testcase classname="tests.test_localorders_api.TestLogin" name="test_login_lockout_after_5_failures" time="1.648" /><testcase classname="tests.test_localorders_api.TestMe" name="test_me_no_token" time="0.138" /><testcase classname="tests.test_localorders_api.TestMe" name="test_me_bad_token" time="0.098" /><testcase classname="tests.test_localorders_api.TestMe" name="test_me_with_token" time="0.417" /><testcase classname="tests.test_localorders_api.TestProfileUpdate" name="test_buyer_can_update_name_address" time="0.357" /><testcase classname="tests.test_localorders_api.TestProfileUpdate" name="test_buyer_cannot_set_business_name" time="0.366" /><testcase classname="tests.test_localorders_api.TestProfileUpdate" name="test_seller_can_set_business_name" time="0.369" /><testcase classname="tests.test_localorders_api.TestInventory" name="test_buyer_cannot_access_inventory" time="0.462" /><testcase classname="tests.test_localorders_api.TestInventory" name="test_full_crud_and_soft_delete" time="0.856" /><testcase classname="tests.test_localorders_api.TestInventory" name="test_invalid_unit_type" time="0.115" /><testcase classname="tests.test_localorders_api.TestInventory" name="test_all_allowed_unit_types" time="0.943" /><testcase classname="tests.test_localorders_api.TestMeta" name="test_unit_types_endpoint" time="0.093" /><testcase classname="tests.test_phase2_connections_orders.TestConnectionsCreate" name="test_invalid_seller_code_returns_404" time="0.409" /><testcase classname="tests.test_phase2_connections_orders.TestConnectionsCreate" name="test_seller_cannot_call_buyer_endpoint" time="0.360" /><testcase classname="tests.test_phase2_connections_orders.TestConnectionsCreate" name="test_buyer_cannot_call_seller_connections_list" time="0.044" /><testcase classname="tests.test_phase2_connections_orders.TestConnectionsCreate" name="test_create_pending_connection" time="0.110" /><testcase classname="tests.test_phase2_connections_orders.TestConnectionsCreate" name="test_duplicate_pending_returns_409" time="0.047" /><testcase classname="tests.test_phase2_connections_orders.TestConnectionsList" name="test_buyer_list_only_own" time="0.048" /><testcase classname="tests.test_phase2_connections_orders.TestConnectionsList" name="test_seller_list_only_own" time="0.045" /><testcase classname="tests.test_phase2_connections_orders.TestAcceptReject" name="test_accept_then_idempotency_400" time="0.190" /><testcase classname="tests.test_phase2_connections_orders.TestAcceptReject" name="test_duplicate_accepted_returns_409" time="0.045" /><testcase classname="tests.test_phase2_connections_orders.TestAcceptReject" name="test_other_seller_cannot_accept" time="1.043" /><testcase classname="tests.test_phase2_connections_orders.TestAcceptReject" name="test_reject_flow" time="0.741" /><testcase classname="tests.test_phase2_connections_orders.TestPendingExpiry" name="test_lazy_expiry_on_read" time="0.788" /><testcase classname="tests.test_phase2_connections_orders.TestBuyerBrowse" name="test_browse_requires_accepted" time="0.706" /><testcase classname="tests.test_phase2_connections_orders.TestBuyerBrowse" name="test_browse_lists_active_items" time="0.859" /><testcase classname="tests.test_phase2_connections_orders.TestBuyerBrowse" name="test_browse_search_q" time="0.091" /><testcase classname="tests.test_phase2_connections_orders.TestOrders" name="test_order_without_connection_403" time="0.741" /><testcase classname="tests.test_phase2_connections_orders.TestOrders" name="test_qty_below_min" time="0.045" /><testcase classname="tests.test_phase2_connections_orders.TestOrders" name="test_qty_not_aligned_with_increment" time="0.048" /><testcase classname="tests.test_phase2_connections_orders.TestOrders" name="test_qty_above_available" time="0.044" /><testcase classname="tests.test_phase2_connections_orders.TestOrders" name="test_valid_order_created" time="0.053" /><testcase classname="tests.test_phase2_connections_orders.TestOrders" name="test_order_number_monotonic" time="0.109" /><testcase classname="tests.test_phase2_connections_orders.TestOrders" name="test_buyer_order_list" time="0.047" /><testcase classname="tests.test_phase2_connections_orders.TestOrders" name="test_seller_order_list" time="0.046" /><testcase classname="tests.test_phase2_connections_orders.TestOrders" name="test_order_detail_buyer_and_seller" time="0.452" /><testcase classname="tests.test_phase3_order_management.TestAcceptOrder" name="test_accept_requested_then_idempotent_400" time="1.048" /><testcase classname="tests.test_phase3_order_management.TestAcceptOrder" name="test_buyer_cannot_accept_403" time="0.936" /><testcase classname="tests.test_phase3_order_management.TestAcceptOrder" name="test_other_seller_cannot_accept_403" time="1.165" /><testcase classname="tests.test_phase3_order_management.TestRejectOrder" name="test_reject_requires_reason_422_empty" time="1.008" /><testcase classname="tests.test_phase3_order_management.TestRejectOrder" name="test_reject_requires_reason_422_whitespace" time="0.933" /><testcase classname="tests.test_phase3_order_management.TestRejectOrder" name="test_reject_requires_reason_422_missing" time="1.059" /><testcase classname="tests.test_phase3_order_management.TestRejectOrder" name="test_reject_success_sets_reason_and_timestamp" time="1.018" /><testcase classname="tests.test_phase3_order_management.TestRejectOrder" name="test_reject_blocked_when_already_accepted" time="1.148" /><testcase classname="tests.test_phase3_order_management.TestRejectOrder" name="test_buyer_cannot_reject_403" time="0.968" /><testcase classname="tests.test_phase3_order_management.TestDeliverOrder" name="test_deliver_only_after_accept" time="1.164" /><testcase classname="tests.test_phase3_order_management.TestDeliverOrder" name="test_deliver_blocked_after_reject" time="1.037" /><testcase classname="tests.test_phase3_order_management.TestDeliverOrder" name="test_buyer_cannot_deliver_403" time="1.023" /><testcase classname="tests.test_phase3_order_management.TestDeliverOrder" name="test_other_seller_cannot_deliver_403" time="1.336" /><testcase classname="tests.test_phase3_order_management.TestCancelOrder" name="test_cancel_from_requested_no_reason" time="0.945" /><testcase classname="tests.test_phase3_order_management.TestCancelOrder" name="test_cancel_from_accepted_with_reason" time="0.996" /><testcase classname="tests.test_phase3_order_management.TestCancelOrder" name="test_cancel_blocked_after_delivered" time="1.121" /><testcase classname="tests.test_phase3_order_management.TestCancelOrder" name="test_cancel_blocked_after_rejected" time="1.147" /><testcase classname="tests.test_phase3_order_management.TestCancelOrder" name="test_seller_cannot_cancel_403" time="0.924" /><testcase classname="tests.test_phase3_order_management.TestCancelOrder" name="test_other_buyer_cannot_cancel_403" time="1.312" /><testcase classname="tests.test_phase3_order_management.TestAutoExpiry" name="test_expiry_on_seller_list" time="0.948" /><testcase classname="tests.test_phase3_order_management.TestAutoExpiry" name="test_expiry_on_buyer_list" time="0.906" /><testcase classname="tests.test_phase3_order_management.TestAutoExpiry" name="test_expiry_on_detail_then_actions_blocked" time="1.189" /><testcase classname="tests.test_phase3_order_management.TestOrderDetailFields" name="test_detail_contains_phase3_fields" time="1.007" /><testcase classname="tests.test_phase3_order_management.TestOrderDetailFields" name="test_seller_summary_has_mobileNumber_in_detail" time="0.933" /><testcase classname="tests.test_phase3_order_management.TestOrderDetailFields" name="test_buyer_summary_has_mobileNumber_for_seller_view" time="0.932" /><testcase classname="tests.test_phase3_order_management.TestOrderDetailFields" name="test_seller_summary_has_mobileNumber_in_buyer_connections" time="0.878" /><testcase classname="tests.test_phase4_inventory_reservation.TestSellerAvailability" name="test_default_open_on_register" time="0.413" /><testcase classname="tests.test_phase4_inventory_reservation.TestSellerAvailability" name="test_set_closed_then_me_reflects" time="0.397" /><testcase classname="tests.test_phase4_inventory_reservation.TestSellerAvailability" name="test_set_open_again" time="0.472" /><testcase classname="tests.test_phase4_inventory_reservation.TestSellerAvailability" name="test_invalid_status_422" time="0.390" /><testcase classname="tests.test_phase4_inventory_reservation.TestSellerAvailability" name="test_buyer_cannot_set_availability_403" time="0.430" /><testcase classname="tests.test_phase4_inventory_reservation.TestOrderBlockedWhenClosed" name="test_order_blocked_when_closed" time="0.948" /><testcase classname="tests.test_phase4_inventory_reservation.TestOrderBlockedWhenClosed" name="test_browse_succeeds_when_closed" time="1.040" /><testcase classname="tests.test_phase4_inventory_reservation.TestItemPublicFields" name="test_item_initial_reserved_zero_low_false" time="0.396" /><testcase classname="tests.test_phase4_inventory_reservation.TestItemPublicFields" name="test_item_low_inventory_true_when_below_10" time="0.425" /><testcase classname="tests.test_phase4_inventory_reservation.TestItemPublicFields" name="test_item_low_inventory_boundary_10_false" time="0.388" /><testcase classname="tests.test_phase4_inventory_reservation.TestAcceptReservesInventory" name="test_accept_decreases_avail_increases_reserved" time="1.017" /><testcase classname="tests.test_phase4_inventory_reservation.TestAcceptReservesInventory" name="test_double_accept_returns_400" time="1.137" /><testcase classname="tests.test_phase4_inventory_reservation.TestAcceptReservesInventory" name="test_accept_insufficient_stock_no_partial_state" time="1.320" /><testcase classname="tests.test_phase4_inventory_reservation.TestConcurrentAccept" name="test_concurrent_double_accept_only_one_wins" time="1.045" /><testcase classname="tests.test_phase4_inventory_reservation.TestCancelRejectInventory" name="test_cancel_from_accepted_restores" time="1.267" /><testcase classname="tests.test_phase4_inventory_reservation.TestCancelRejectInventory" name="test_cancel_from_requested_no_inventory_change" time="1.140" /><testcase classname="tests.test_phase4_inventory_reservation.TestCancelRejectInventory" name="test_reject_from_requested_no_inventory_change" time="1.088" /><testcase classname="tests.test_phase4_inventory_reservation.TestDeliverInventory" name="test_deliver_clears_reserved_keeps_avail_reduced" time="1.158" /><testcase classname="tests.test_phase4_inventory_reservation.TestAtomicStatusClaim" name="test_accept_cancelled_returns_status_error_not_stock" time="0.944" /><testcase classname="tests.test_phase4_inventory_reservation.TestNoNegativeInventory" name="test_invariant_after_mixed_flows" time="1.559" /><testcase classname="tests.test_phase4_inventory_reservation.TestSellerDashboard" name="test_dashboard_fields_and_no_id_leak" time="0.514" /><testcase classname="tests.test_phase4_inventory_reservation.TestSellerDashboard" name="test_dashboard_open_orders_counts_requested_and_accepted" time="1.046" /><testcase classname="tests.test_phase4_inventory_reservation.TestSellerDashboard" name="test_buyer_cannot_view_dashboard_403" time="0.427" /><testcase classname="tests.test_phase5_notifications.TestHeartbeat" name="test_root_returns_service_header" time="0.134" /><testcase classname="tests.test_phase5_notifications.TestNotificationsAuth" name="test_list_requires_token" time="0.042" /><testcase classname="tests.test_phase5_notifications.TestNotificationsAuth" name="test_unread_requires_token" time="0.040" /><testcase classname="tests.test_phase5_notifications.TestNotificationsAuth" name="test_read_all_requires_token" time="0.041" /><testcase classname="tests.test_phase5_notifications.TestNotificationsAuth" name="test_fresh_buyer_has_zero_unread" time="0.394" /><testcase classname="tests.test_phase5_notifications.TestConnectionNotifications" name="test_connection_request_notifies_seller" time="0.840" /><testcase classname="tests.test_phase5_notifications.TestConnectionNotifications" name="test_connection_accept_notifies_buyer" time="0.844" /><testcase classname="tests.test_phase5_notifications.TestConnectionNotifications" name="test_connection_reject_notifies_buyer" time="0.843" /><testcase classname="tests.test_phase5_notifications.TestMarkRead" name="test_mark_single_read_and_read_all" time="1.449" /><testcase classname="tests.test_phase5_notifications.TestMarkRead" name="test_mark_unknown_id_404" time="0.391" /><testcase classname="tests.test_phase5_notifications.TestMarkRead" name="test_user_cannot_read_other_users_notification" time="1.111" /><testcase classname="tests.test_phase5_notifications.TestOrderNotifications" name="test_order_requested_notifies_seller" time="1.026" /><testcase classname="tests.test_phase5_notifications.TestOrderNotifications" name="test_order_accepted_notifies_buyer" time="1.067" /><testcase classname="tests.test_phase5_notifications.TestOrderNotifications" name="test_order_rejected_notifies_buyer_with_reason" time="1.133" /><testcase classname="tests.test_phase5_notifications.TestOrderNotifications" name="test_order_cancelled_notifies_seller" time="1.026" /><testcase classname="tests.test_phase5_notifications.TestOrderNotifications" name="test_order_delivered_notifies_buyer" time="1.086" /><testcase classname="tests.test_phase5_notifications.TestPushNonBlocking" name="test_in_app_notif_persisted_even_when_push_relay_fails" time="1.510" /><testcase classname="tests.test_phase5_notifications.TestPushNonBlocking" name="test_endpoints_still_return_2xx_under_push_failure" time="0.951" /><testcase classname="tests.test_phase5_notifications.TestRegisterPush" name="test_register_push_with_placeholder_key_returns_500_with_documented_detail" time="0.369" /><testcase classname="tests.test_phase5_notifications.TestRegisterPush" name="test_register_push_validates_body" time="0.043" /><testcase classname="tests.test_phase5_notifications.TestCleanliness" name="test_no_mongo_id_in_notification_responses" time="1.103" /></testsuite></testsuites>