<?xml version="1.0" encoding="utf-8"?><testsuites name="pytest tests"><testsuite name="pytest" errors="0" failures="0" skipped="0" tests="5" time="3.130" timestamp="2026-06-27T11:54:11.933210+00:00" hostname="agent-env-ff634315-0a0b-4ed7-9caa-cb980959e373"><testcase classname="backend.tests.test_notifications_unread_flow" name="test_unread_count_endpoint_authenticated" time="0.869" /><testcase classname="backend.tests.test_notifications_unread_flow" name="test_unread_count_requires_auth" time="0.090" /><testcase classname="backend.tests.test_notifications_unread_flow" name="test_full_flow_create_read_decrement" time="1.765" /><testcase classname="backend.tests.test_notifications_unread_flow" name="test_mark_all_read_zeros_unread" time="0.201" /><testcase classname="backend.tests.test_notifications_unread_flow" name="test_list_notifications_shape" time="0.137" /></testsuite></testsuites>