<?xml version="1.0" encoding="utf-8"?><testsuites name="pytest tests"><testsuite name="pytest" errors="0" failures="0" skipped="0" tests="26" time="25.489" timestamp="2026-06-20T13:36:28.567780+00:00" hostname="agent-env-a5a66a5c-2afb-410e-af6b-2bf90fbb2f51"><testcase classname="backend.tests.test_phase3_order_management.TestAcceptOrder" name="test_accept_requested_then_idempotent_400" time="1.114" /><testcase classname="backend.tests.test_phase3_order_management.TestAcceptOrder" name="test_buyer_cannot_accept_403" time="0.849" /><testcase classname="backend.tests.test_phase3_order_management.TestAcceptOrder" name="test_other_seller_cannot_accept_403" time="1.219" /><testcase classname="backend.tests.test_phase3_order_management.TestRejectOrder" name="test_reject_requires_reason_422_empty" time="0.860" /><testcase classname="backend.tests.test_phase3_order_management.TestRejectOrder" name="test_reject_requires_reason_422_whitespace" time="0.838" /><testcase classname="backend.tests.test_phase3_order_management.TestRejectOrder" name="test_reject_requires_reason_422_missing" time="0.890" /><testcase classname="backend.tests.test_phase3_order_management.TestRejectOrder" name="test_reject_success_sets_reason_and_timestamp" time="0.902" /><testcase classname="backend.tests.test_phase3_order_management.TestRejectOrder" name="test_reject_blocked_when_already_accepted" time="1.012" /><testcase classname="backend.tests.test_phase3_order_management.TestRejectOrder" name="test_buyer_cannot_reject_403" time="0.883" /><testcase classname="backend.tests.test_phase3_order_management.TestDeliverOrder" name="test_deliver_only_after_accept" time="1.017" /><testcase classname="backend.tests.test_phase3_order_management.TestDeliverOrder" name="test_deliver_blocked_after_reject" time="0.894" /><testcase classname="backend.tests.test_phase3_order_management.TestDeliverOrder" name="test_buyer_cannot_deliver_403" time="1.000" /><testcase classname="backend.tests.test_phase3_order_management.TestDeliverOrder" name="test_other_seller_cannot_deliver_403" time="1.343" /><testcase classname="backend.tests.test_phase3_order_management.TestCancelOrder" name="test_cancel_from_requested_no_reason" time="0.850" /><testcase classname="backend.tests.test_phase3_order_management.TestCancelOrder" name="test_cancel_from_accepted_with_reason" time="0.927" /><testcase classname="backend.tests.test_phase3_order_management.TestCancelOrder" name="test_cancel_blocked_after_delivered" time="0.935" /><testcase classname="backend.tests.test_phase3_order_management.TestCancelOrder" name="test_cancel_blocked_after_rejected" time="0.979" /><testcase classname="backend.tests.test_phase3_order_management.TestCancelOrder" name="test_seller_cannot_cancel_403" time="0.963" /><testcase classname="backend.tests.test_phase3_order_management.TestCancelOrder" name="test_other_buyer_cannot_cancel_403" time="1.143" /><testcase classname="backend.tests.test_phase3_order_management.TestAutoExpiry" name="test_expiry_on_seller_list" time="1.011" /><testcase classname="backend.tests.test_phase3_order_management.TestAutoExpiry" name="test_expiry_on_buyer_list" time="0.926" /><testcase classname="backend.tests.test_phase3_order_management.TestAutoExpiry" name="test_expiry_on_detail_then_actions_blocked" time="1.145" /><testcase classname="backend.tests.test_phase3_order_management.TestOrderDetailFields" name="test_detail_contains_phase3_fields" time="1.039" /><testcase classname="backend.tests.test_phase3_order_management.TestOrderDetailFields" name="test_seller_summary_has_mobileNumber_in_detail" time="0.964" /><testcase classname="backend.tests.test_phase3_order_management.TestOrderDetailFields" name="test_buyer_summary_has_mobileNumber_for_seller_view" time="0.878" /><testcase classname="backend.tests.test_phase3_order_management.TestOrderDetailFields" name="test_seller_summary_has_mobileNumber_in_buyer_connections" time="0.806" /></testsuite></testsuites>