<?xml version="1.0" encoding="utf-8"?><testsuites name="pytest tests"><testsuite name="pytest" errors="0" failures="1" skipped="0" tests="23" time="17.314" timestamp="2026-06-20T14:06:13.148357+00:00" hostname="agent-env-a5a66a5c-2afb-410e-af6b-2bf90fbb2f51"><testcase classname="backend.tests.test_phase4_inventory_reservation.TestSellerAvailability" name="test_default_open_on_register" time="0.549" /><testcase classname="backend.tests.test_phase4_inventory_reservation.TestSellerAvailability" name="test_set_closed_then_me_reflects" time="0.405" /><testcase classname="backend.tests.test_phase4_inventory_reservation.TestSellerAvailability" name="test_set_open_again" time="0.415" /><testcase classname="backend.tests.test_phase4_inventory_reservation.TestSellerAvailability" name="test_invalid_status_422" time="0.370" /><testcase classname="backend.tests.test_phase4_inventory_reservation.TestSellerAvailability" name="test_buyer_cannot_set_availability_403" time="0.361" /><testcase classname="backend.tests.test_phase4_inventory_reservation.TestOrderBlockedWhenClosed" name="test_order_blocked_when_closed" time="0.870" /><testcase classname="backend.tests.test_phase4_inventory_reservation.TestOrderBlockedWhenClosed" name="test_browse_succeeds_when_closed" time="0.907" /><testcase classname="backend.tests.test_phase4_inventory_reservation.TestItemPublicFields" name="test_item_initial_reserved_zero_low_false" time="0.362" /><testcase classname="backend.tests.test_phase4_inventory_reservation.TestItemPublicFields" name="test_item_low_inventory_true_when_below_10" time="0.353" /><testcase classname="backend.tests.test_phase4_inventory_reservation.TestItemPublicFields" name="test_item_low_inventory_boundary_10_false" time="0.362" /><testcase classname="backend.tests.test_phase4_inventory_reservation.TestAcceptReservesInventory" name="test_accept_decreases_avail_increases_reserved" time="0.974" /><testcase classname="backend.tests.test_phase4_inventory_reservation.TestAcceptReservesInventory" name="test_double_accept_returns_400" time="0.963" /><testcase classname="backend.tests.test_phase4_inventory_reservation.TestAcceptReservesInventory" name="test_accept_insufficient_stock_no_partial_state" time="1.122" /><testcase classname="backend.tests.test_phase4_inventory_reservation.TestConcurrentAccept" name="test_concurrent_double_accept_only_one_wins" time="1.061" /><testcase classname="backend.tests.test_phase4_inventory_reservation.TestCancelRejectInventory" name="test_cancel_from_accepted_restores" time="1.057" /><testcase classname="backend.tests.test_phase4_inventory_reservation.TestCancelRejectInventory" name="test_cancel_from_requested_no_inventory_change" time="1.004" /><testcase classname="backend.tests.test_phase4_inventory_reservation.TestCancelRejectInventory" name="test_reject_from_requested_no_inventory_change" time="0.955" /><testcase classname="backend.tests.test_phase4_inventory_reservation.TestDeliverInventory" name="test_deliver_clears_reserved_keeps_avail_reduced" time="1.068" /><testcase classname="backend.tests.test_phase4_inventory_reservation.TestAtomicStatusClaim" name="test_accept_cancelled_returns_status_error_not_stock" time="0.977" /><testcase classname="backend.tests.test_phase4_inventory_reservation.TestNoNegativeInventory" name="test_invariant_after_mixed_flows" time="1.153"><failure message="AssertionError: {&quot;detail&quot;:&quot;Tomato: only 7.0 available&quot;}&#10;assert 400 == 200&#10; +  where 400 = &lt;Response [400]&gt;.status_code">backend/tests/test_phase4_inventory_reservation.py:415: in test_invariant_after_mixed_flows
    o3 = place_order(s, cp, qty=8.0)
         ^^^^^^^^^^^^^^^^^^^^^^^^^^^
backend/tests/test_phase4_inventory_reservation.py:116: in place_order
    assert r.status_code == 200, r.text
E   AssertionError: {"detail":"Tomato: only 7.0 available"}
E   assert 400 == 200
E    +  where 400 = &lt;Response [400]&gt;.status_code</failure></testcase><testcase classname="backend.tests.test_phase4_inventory_reservation.TestSellerDashboard" name="test_dashboard_fields_and_no_id_leak" time="0.458" /><testcase classname="backend.tests.test_phase4_inventory_reservation.TestSellerDashboard" name="test_dashboard_open_orders_counts_requested_and_accepted" time="0.979" /><testcase classname="backend.tests.test_phase4_inventory_reservation.TestSellerDashboard" name="test_buyer_cannot_view_dashboard_403" time="0.368" /></testsuite></testsuites>