<?xml version="1.0" encoding="utf-8"?><testsuites name="pytest tests"><testsuite name="pytest" errors="0" failures="0" skipped="0" tests="24" time="7.451" timestamp="2026-06-20T12:33:42.478194+00:00" hostname="agent-env-a5a66a5c-2afb-410e-af6b-2bf90fbb2f51"><testcase classname="tests.test_phase2_connections_orders.TestConnectionsCreate" name="test_invalid_seller_code_returns_404" time="0.564" /><testcase classname="tests.test_phase2_connections_orders.TestConnectionsCreate" name="test_seller_cannot_call_buyer_endpoint" time="0.373" /><testcase classname="tests.test_phase2_connections_orders.TestConnectionsCreate" name="test_buyer_cannot_call_seller_connections_list" time="0.053" /><testcase classname="tests.test_phase2_connections_orders.TestConnectionsCreate" name="test_create_pending_connection" time="0.052" /><testcase classname="tests.test_phase2_connections_orders.TestConnectionsCreate" name="test_duplicate_pending_returns_409" time="0.050" /><testcase classname="tests.test_phase2_connections_orders.TestConnectionsList" name="test_buyer_list_only_own" time="0.050" /><testcase classname="tests.test_phase2_connections_orders.TestConnectionsList" name="test_seller_list_only_own" time="0.054" /><testcase classname="tests.test_phase2_connections_orders.TestAcceptReject" name="test_accept_then_idempotency_400" time="0.212" /><testcase classname="tests.test_phase2_connections_orders.TestAcceptReject" name="test_duplicate_accepted_returns_409" time="0.054" /><testcase classname="tests.test_phase2_connections_orders.TestAcceptReject" name="test_other_seller_cannot_accept" time="1.084" /><testcase classname="tests.test_phase2_connections_orders.TestAcceptReject" name="test_reject_flow" time="0.742" /><testcase classname="tests.test_phase2_connections_orders.TestPendingExpiry" name="test_lazy_expiry_on_read" time="0.818" /><testcase classname="tests.test_phase2_connections_orders.TestBuyerBrowse" name="test_browse_requires_accepted" time="0.695" /><testcase classname="tests.test_phase2_connections_orders.TestBuyerBrowse" name="test_browse_lists_active_items" time="0.867" /><testcase classname="tests.test_phase2_connections_orders.TestBuyerBrowse" name="test_browse_search_q" time="0.104" /><testcase classname="tests.test_phase2_connections_orders.TestOrders" name="test_order_without_connection_403" time="0.688" /><testcase classname="tests.test_phase2_connections_orders.TestOrders" name="test_qty_below_min" time="0.052" /><testcase classname="tests.test_phase2_connections_orders.TestOrders" name="test_qty_not_aligned_with_increment" time="0.051" /><testcase classname="tests.test_phase2_connections_orders.TestOrders" name="test_qty_above_available" time="0.050" /><testcase classname="tests.test_phase2_connections_orders.TestOrders" name="test_valid_order_created" time="0.052" /><testcase classname="tests.test_phase2_connections_orders.TestOrders" name="test_order_number_monotonic" time="0.104" /><testcase classname="tests.test_phase2_connections_orders.TestOrders" name="test_buyer_order_list" time="0.050" /><testcase classname="tests.test_phase2_connections_orders.TestOrders" name="test_seller_order_list" time="0.050" /><testcase classname="tests.test_phase2_connections_orders.TestOrders" name="test_order_detail_buyer_and_seller" time="0.481" /></testsuite></testsuites>