<?xml version="1.0" encoding="utf-8"?><testsuites name="pytest tests"><testsuite name="pytest" errors="0" failures="0" skipped="0" tests="21" time="15.824" timestamp="2026-06-21T08:17:10.101794+00:00" hostname="agent-env-64ab8294-b8b9-4e47-a019-73c1505ebadf"><testcase classname="tests.test_phase5_notifications.TestHeartbeat" name="test_root_returns_service_header" time="0.255" /><testcase classname="tests.test_phase5_notifications.TestNotificationsAuth" name="test_list_requires_token" time="0.041" /><testcase classname="tests.test_phase5_notifications.TestNotificationsAuth" name="test_unread_requires_token" time="0.080" /><testcase classname="tests.test_phase5_notifications.TestNotificationsAuth" name="test_read_all_requires_token" time="0.045" /><testcase classname="tests.test_phase5_notifications.TestNotificationsAuth" name="test_fresh_buyer_has_zero_unread" time="0.355" /><testcase classname="tests.test_phase5_notifications.TestConnectionNotifications" name="test_connection_request_notifies_seller" time="0.888" /><testcase classname="tests.test_phase5_notifications.TestConnectionNotifications" name="test_connection_accept_notifies_buyer" time="0.798" /><testcase classname="tests.test_phase5_notifications.TestConnectionNotifications" name="test_connection_reject_notifies_buyer" time="0.796" /><testcase classname="tests.test_phase5_notifications.TestMarkRead" name="test_mark_single_read_and_read_all" time="1.591" /><testcase classname="tests.test_phase5_notifications.TestMarkRead" name="test_mark_unknown_id_404" time="0.349" /><testcase classname="tests.test_phase5_notifications.TestMarkRead" name="test_user_cannot_read_other_users_notification" time="1.092" /><testcase classname="tests.test_phase5_notifications.TestOrderNotifications" name="test_order_requested_notifies_seller" time="1.108" /><testcase classname="tests.test_phase5_notifications.TestOrderNotifications" name="test_order_accepted_notifies_buyer" time="1.066" /><testcase classname="tests.test_phase5_notifications.TestOrderNotifications" name="test_order_rejected_notifies_buyer_with_reason" time="1.088" /><testcase classname="tests.test_phase5_notifications.TestOrderNotifications" name="test_order_cancelled_notifies_seller" time="1.148" /><testcase classname="tests.test_phase5_notifications.TestOrderNotifications" name="test_order_delivered_notifies_buyer" time="1.119" /><testcase classname="tests.test_phase5_notifications.TestPushNonBlocking" name="test_in_app_notif_persisted_even_when_push_relay_fails" time="1.443" /><testcase classname="tests.test_phase5_notifications.TestPushNonBlocking" name="test_endpoints_still_return_2xx_under_push_failure" time="0.986" /><testcase classname="tests.test_phase5_notifications.TestRegisterPush" name="test_register_push_with_placeholder_key_returns_500_with_documented_detail" time="0.392" /><testcase classname="tests.test_phase5_notifications.TestRegisterPush" name="test_register_push_validates_body" time="0.040" /><testcase classname="tests.test_phase5_notifications.TestCleanliness" name="test_no_mongo_id_in_notification_responses" time="1.049" /></testsuite></testsuites>