<?xml version="1.0" encoding="utf-8"?><testsuites name="pytest tests"><testsuite name="pytest" errors="0" failures="2" skipped="0" tests="3" time="1.371" timestamp="2026-06-27T12:37:20.140801+00:00" hostname="agent-env-ff634315-0a0b-4ed7-9caa-cb980959e373"><testcase classname="backend.tests.test_place_order_now_side_effects.TestPlaceOrderNowSideEffects" name="test_inventory_decreases_after_order" time="1.040"><failure message="AssertionError: 20.0 -&gt; 20.0&#10;assert 20.0 == (20.0 - 3)">backend/tests/test_place_order_now_side_effects.py:70: in test_inventory_decreases_after_order
    assert avail_after == avail_before - 3, f"{avail_before} -&gt; {avail_after}"
E   AssertionError: 20.0 -&gt; 20.0
E   assert 20.0 == (20.0 - 3)</failure></testcase><testcase classname="backend.tests.test_place_order_now_side_effects.TestPlaceOrderNowSideEffects" name="test_seller_receives_order_requested_notification" time="0.134" /><testcase classname="backend.tests.test_place_order_now_side_effects.TestPlaceOrderNowSideEffects" name="test_two_identical_payloads_yield_identical_shape" time="0.104"><failure message="AssertionError: assert ('expiresAt' in {'orderId': '521a08e8-d5c0-44de-8cb1-91b6662ccf3c', 'orderNumber': 'ORD-100020', 'buyerId': 'ea5d4af3-d076-4104-a453-be322a189e24', 'sellerId': 'ace75998-b4f6-41e5-99dd-c1251f39c1c2', ...})">backend/tests/test_place_order_now_side_effects.py:110: in test_two_identical_payloads_yield_identical_shape
    assert "expiresAt" in o1 and "expiresAt" in o2
E   AssertionError: assert ('expiresAt' in {'orderId': '521a08e8-d5c0-44de-8cb1-91b6662ccf3c', 'orderNumber': 'ORD-100020', 'buyerId': 'ea5d4af3-d076-4104-a453-be322a189e24', 'sellerId': 'ace75998-b4f6-41e5-99dd-c1251f39c1c2', ...})</failure></testcase></testsuite></testsuites>