<?xml version="1.0" encoding="utf-8"?><testsuites name="pytest tests"><testsuite name="pytest" errors="0" failures="0" skipped="0" tests="9" time="3.128" timestamp="2026-06-27T12:38:21.493890+00:00" hostname="agent-env-ff634315-0a0b-4ed7-9caa-cb980959e373"><testcase classname="backend.tests.test_place_order_now_side_effects.TestPlaceOrderNowSideEffects" name="test_inventory_reserved_on_seller_accept" time="1.152" /><testcase classname="backend.tests.test_place_order_now_side_effects.TestPlaceOrderNowSideEffects" name="test_seller_receives_order_requested_notification" time="0.100" /><testcase classname="backend.tests.test_place_order_now_side_effects.TestPlaceOrderNowSideEffects" name="test_two_identical_payloads_yield_identical_shape" time="0.108" /><testcase classname="backend.tests.test_buyer_place_order_now.TestBrowseAndOrder" name="test_browse_seller_items_returns_moq_step_avail" time="0.932" /><testcase classname="backend.tests.test_buyer_place_order_now.TestBrowseAndOrder" name="test_order_with_selected_qty_not_moq" time="0.056" /><testcase classname="backend.tests.test_buyer_place_order_now.TestBrowseAndOrder" name="test_flow1_equals_flow2_same_shape" time="0.320" /><testcase classname="backend.tests.test_buyer_place_order_now.TestBrowseAndOrder" name="test_order_below_moq_rejected" time="0.049" /><testcase classname="backend.tests.test_buyer_place_order_now.TestBrowseAndOrder" name="test_order_above_available_rejected" time="0.050" /><testcase classname="backend.tests.test_buyer_place_order_now.TestBrowseAndOrder" name="test_no_mongo_id_in_order_response" time="0.058" /></testsuite></testsuites>