<?xml version="1.0" encoding="utf-8"?><testsuites name="pytest tests"><testsuite name="pytest" errors="0" failures="0" skipped="0" tests="6" time="1.853" timestamp="2026-06-27T12:36:41.449951+00:00" hostname="agent-env-ff634315-0a0b-4ed7-9caa-cb980959e373"><testcase classname="backend.tests.test_buyer_place_order_now.TestBrowseAndOrder" name="test_browse_seller_items_returns_moq_step_avail" time="0.944" /><testcase classname="backend.tests.test_buyer_place_order_now.TestBrowseAndOrder" name="test_order_with_selected_qty_not_moq" time="0.054" /><testcase classname="backend.tests.test_buyer_place_order_now.TestBrowseAndOrder" name="test_flow1_equals_flow2_same_shape" time="0.345" /><testcase classname="backend.tests.test_buyer_place_order_now.TestBrowseAndOrder" name="test_order_below_moq_rejected" time="0.045" /><testcase classname="backend.tests.test_buyer_place_order_now.TestBrowseAndOrder" name="test_order_above_available_rejected" time="0.085" /><testcase classname="backend.tests.test_buyer_place_order_now.TestBrowseAndOrder" name="test_no_mongo_id_in_order_response" time="0.052" /></testsuite></testsuites>