<?xml version="1.0" encoding="utf-8"?><testsuites name="pytest tests"><testsuite name="pytest" errors="0" failures="0" skipped="0" tests="26" time="9.812" timestamp="2026-06-20T12:09:04.625655+00:00" hostname="agent-env-a5a66a5c-2afb-410e-af6b-2bf90fbb2f51"><testcase classname="backend.tests.test_localorders_api.TestOtp" name="test_otp_send_success" time="0.243" /><testcase classname="backend.tests.test_localorders_api.TestOtp" name="test_otp_send_invalid_mobile" time="0.048" /><testcase classname="backend.tests.test_localorders_api.TestOtp" name="test_otp_send_duplicate_mobile" time="0.323" /><testcase classname="backend.tests.test_localorders_api.TestRegister" name="test_buyer_register_success" time="0.270" /><testcase classname="backend.tests.test_localorders_api.TestRegister" name="test_buyer_register_pin_mismatch" time="0.045" /><testcase classname="backend.tests.test_localorders_api.TestRegister" name="test_buyer_register_wrong_otp" time="0.045" /><testcase classname="backend.tests.test_localorders_api.TestRegister" name="test_buyer_register_duplicate" time="0.313" /><testcase classname="backend.tests.test_localorders_api.TestRegister" name="test_pin_format_validation[12]" time="0.047" /><testcase classname="backend.tests.test_localorders_api.TestRegister" name="test_pin_format_validation[12345]" time="0.044" /><testcase classname="backend.tests.test_localorders_api.TestRegister" name="test_pin_format_validation[abcd]" time="0.045" /><testcase classname="backend.tests.test_localorders_api.TestRegister" name="test_pin_format_validation[12a4]" time="0.047" /><testcase classname="backend.tests.test_localorders_api.TestRegister" name="test_seller_register_and_code_sequence" time="0.537" /><testcase classname="backend.tests.test_localorders_api.TestLogin" name="test_login_success" time="0.542" /><testcase classname="backend.tests.test_localorders_api.TestLogin" name="test_login_wrong_pin_counter" time="1.084" /><testcase classname="backend.tests.test_localorders_api.TestLogin" name="test_login_lockout_after_5_failures" time="1.656" /><testcase classname="backend.tests.test_localorders_api.TestMe" name="test_me_no_token" time="0.153" /><testcase classname="backend.tests.test_localorders_api.TestMe" name="test_me_bad_token" time="0.125" /><testcase classname="backend.tests.test_localorders_api.TestMe" name="test_me_with_token" time="0.410" /><testcase classname="backend.tests.test_localorders_api.TestProfileUpdate" name="test_buyer_can_update_name_address" time="0.374" /><testcase classname="backend.tests.test_localorders_api.TestProfileUpdate" name="test_buyer_cannot_set_business_name" time="0.402" /><testcase classname="backend.tests.test_localorders_api.TestProfileUpdate" name="test_seller_can_set_business_name" time="0.365" /><testcase classname="backend.tests.test_localorders_api.TestInventory" name="test_buyer_cannot_access_inventory" time="0.503" /><testcase classname="backend.tests.test_localorders_api.TestInventory" name="test_full_crud_and_soft_delete" time="0.875" /><testcase classname="backend.tests.test_localorders_api.TestInventory" name="test_invalid_unit_type" time="0.093" /><testcase classname="backend.tests.test_localorders_api.TestInventory" name="test_all_allowed_unit_types" time="1.036" /><testcase classname="backend.tests.test_localorders_api.TestMeta" name="test_unit_types_endpoint" time="0.091" /></testsuite></testsuites>